<?xml version="1.0" encoding="UTF-8"?>
<robot generator="Robot 6.1.1 (Python 3.11.0 on win32)" generated="20250130 12:57:11.828" rpa="false" schemaversion="4">
<suite id="s1" name="game CRUD tests" source="C:\Users\attem\eclipse-workspace\Gamestore\robot_tests\game_CRUD_tests.robot">
<test id="s1-t1" name="Add New Game After Login" line="30">
<kw name="Open Browser" library="SeleniumLibrary">
<arg>${LOGIN_URL}</arg>
<arg>Chrome</arg>
<doc>Opens a new browser instance to the optional ``url``.</doc>
<msg timestamp="20250130 12:57:12.174" level="INFO">Opening browser 'Chrome' to base url 'http://localhost:8080/login'.</msg>
<status status="PASS" starttime="20250130 12:57:12.174" endtime="20250130 12:57:14.471"/>
</kw>
<kw name="Maximize Browser Window" library="SeleniumLibrary">
<doc>Maximizes current browser window.</doc>
<status status="PASS" starttime="20250130 12:57:14.471" endtime="20250130 12:57:14.608"/>
</kw>
<kw name="Input Text" library="SeleniumLibrary">
<arg>name=username</arg>
<arg>${USERNAME}</arg>
<doc>Types the given ``text`` into the text field identified by ``locator``.</doc>
<msg timestamp="20250130 12:57:14.610" level="INFO">Typing text 'testi' into text field 'name=username'.</msg>
<status status="PASS" starttime="20250130 12:57:14.608" endtime="20250130 12:57:14.879"/>
</kw>
<kw name="Input Text" library="SeleniumLibrary">
<arg>name=password</arg>
<arg>${PASSWORD}</arg>
<doc>Types the given ``text`` into the text field identified by ``locator``.</doc>
<msg timestamp="20250130 12:57:14.879" level="INFO">Typing text 'testi' into text field 'name=password'.</msg>
<status status="PASS" starttime="20250130 12:57:14.879" endtime="20250130 12:57:15.029"/>
</kw>
<kw name="Click Button" library="SeleniumLibrary">
<arg>xpath=//input[@type='submit']</arg>
<doc>Clicks the button identified by ``locator``.</doc>
<msg timestamp="20250130 12:57:15.029" level="INFO">Clicking button 'xpath=//input[@type='submit']'.</msg>
<status status="PASS" starttime="20250130 12:57:15.029" endtime="20250130 12:57:15.286"/>
</kw>
<kw name="Get Location" library="SeleniumLibrary">
<var>${current_url}</var>
<doc>Returns the current browser window URL.</doc>
<msg timestamp="20250130 12:57:15.308" level="INFO">${current_url} = http://localhost:8080/games</msg>
<status status="PASS" starttime="20250130 12:57:15.287" endtime="20250130 12:57:15.308"/>
</kw>
<kw name="Should Be Equal As Strings" library="BuiltIn">
<arg>${current_url}</arg>
<arg>http://localhost:8080/games</arg>
<doc>Fails if objects are unequal after converting them to strings.</doc>
<status status="PASS" starttime="20250130 12:57:15.310" endtime="20250130 12:57:15.311"/>
</kw>
<kw name="Click Link" library="SeleniumLibrary">
<arg>xpath=//a[contains(@href, '/newgame')]</arg>
<doc>Clicks a link identified by ``locator``.</doc>
<msg timestamp="20250130 12:57:15.315" level="INFO">Clicking link 'xpath=//a[contains(@href, '/newgame')]'.</msg>
<status status="PASS" starttime="20250130 12:57:15.314" endtime="20250130 12:57:15.547"/>
</kw>
<kw name="Input Text" library="SeleniumLibrary">
<arg>xpath=//input[@name='name']</arg>
<arg>${GAME_NAME}</arg>
<doc>Types the given ``text`` into the text field identified by ``locator``.</doc>
<msg timestamp="20250130 12:57:15.549" level="INFO">Typing text 'Test Game' into text field 'xpath=//input[@name='name']'.</msg>
<status status="PASS" starttime="20250130 12:57:15.548" endtime="20250130 12:57:15.695"/>
</kw>
<kw name="Input Text" library="SeleniumLibrary">
<arg>xpath=//input[@name='console']</arg>
<arg>${GAME_CONSOLE}</arg>
<doc>Types the given ``text`` into the text field identified by ``locator``.</doc>
<msg timestamp="20250130 12:57:15.696" level="INFO">Typing text 'PlayStation' into text field 'xpath=//input[@name='console']'.</msg>
<status status="PASS" starttime="20250130 12:57:15.696" endtime="20250130 12:57:15.848"/>
</kw>
<kw name="Input Text" library="SeleniumLibrary">
<arg>xpath=//input[@name='description']</arg>
<arg>${GAME_DESCRIPTION}</arg>
<doc>Types the given ``text`` into the text field identified by ``locator``.</doc>
<msg timestamp="20250130 12:57:15.848" level="INFO">Typing text 'A test game description' into text field 'xpath=//input[@name='description']'.</msg>
<status status="PASS" starttime="20250130 12:57:15.848" endtime="20250130 12:57:16.011"/>
</kw>
<kw name="Input Text" library="SeleniumLibrary">
<arg>xpath=//input[@name='ageLimit']</arg>
<arg>${GAME_AGE_LIMIT}</arg>
<doc>Types the given ``text`` into the text field identified by ``locator``.</doc>
<msg timestamp="20250130 12:57:16.012" level="INFO">Typing text '12' into text field 'xpath=//input[@name='ageLimit']'.</msg>
<status status="PASS" starttime="20250130 12:57:16.011" endtime="20250130 12:57:16.101"/>
</kw>
<kw name="Input Text" library="SeleniumLibrary">
<arg>xpath=//input[@name='published']</arg>
<arg>${GAME_PUBLISHED}</arg>
<doc>Types the given ``text`` into the text field identified by ``locator``.</doc>
<msg timestamp="20250130 12:57:16.101" level="INFO">Typing text '2023' into text field 'xpath=//input[@name='published']'.</msg>
<status status="PASS" starttime="20250130 12:57:16.101" endtime="20250130 12:57:16.196"/>
</kw>
<kw name="Input Text" library="SeleniumLibrary">
<arg>xpath=//input[@name='price']</arg>
<arg>${GAME_PRICE}</arg>
<doc>Types the given ``text`` into the text field identified by ``locator``.</doc>
<msg timestamp="20250130 12:57:16.196" level="INFO">Typing text '49.99' into text field 'xpath=//input[@name='price']'.</msg>
<status status="PASS" starttime="20250130 12:57:16.196" endtime="20250130 12:57:16.298"/>
</kw>
<kw name="Select From List By Label" library="SeleniumLibrary">
<arg>id=category</arg>
<arg>${CATEGORY_NAME}</arg>
<doc>Selects options from selection list ``locator`` by ``labels``.</doc>
<msg timestamp="20250130 12:57:16.298" level="INFO">Selecting options from selection list 'id=category' by label Fantasy.</msg>
<status status="PASS" starttime="20250130 12:57:16.298" endtime="20250130 12:57:16.347"/>
</kw>
<kw name="Click Button" library="SeleniumLibrary">
<arg>xpath=//input[@type='submit']</arg>
<doc>Clicks the button identified by ``locator``.</doc>
<msg timestamp="20250130 12:57:16.347" level="INFO">Clicking button 'xpath=//input[@type='submit']'.</msg>
<status status="PASS" starttime="20250130 12:57:16.347" endtime="20250130 12:57:16.461"/>
</kw>
<kw name="Wait Until Page Contains" library="SeleniumLibrary">
<arg>${GAME_NAME}</arg>
<doc>Waits until ``text`` appears on the current page.</doc>
<status status="PASS" starttime="20250130 12:57:16.461" endtime="20250130 12:57:16.496"/>
</kw>
<doc>Testaa uuden pelin lisääminen kirjautumisen jälkeen ja varmistaa, että peli ilmestyy pelilistalle.</doc>
<status status="PASS" starttime="20250130 12:57:12.174" endtime="20250130 12:57:16.497"/>
</test>
<test id="s1-t2" name="Edit Newest Game After Login" line="60">
<kw name="Get Element Attribute" library="SeleniumLibrary">
<var>${last_game_edit_link}</var>
<arg>xpath=(//a[contains(@href, '/edit')])[last()]</arg>
<arg>href</arg>
<doc>Returns the value of ``attribute`` from the element ``locator``.</doc>
<msg timestamp="20250130 12:57:16.524" level="INFO">${last_game_edit_link} = http://localhost:8080/edit/14</msg>
<status status="PASS" starttime="20250130 12:57:16.499" endtime="20250130 12:57:16.525"/>
</kw>
<kw name="Go To" library="SeleniumLibrary">
<arg>${last_game_edit_link}</arg>
<doc>Navigates the current browser window to the provided ``url``.</doc>
<msg timestamp="20250130 12:57:16.525" level="INFO">Opening url 'http://localhost:8080/edit/14'</msg>
<status status="PASS" starttime="20250130 12:57:16.525" endtime="20250130 12:57:16.590"/>
</kw>
<kw name="Input Text" library="SeleniumLibrary">
<arg>xpath=//input[@name='name']</arg>
<arg>${EDIT_NAME}</arg>
<doc>Types the given ``text`` into the text field identified by ``locator``.</doc>
<msg timestamp="20250130 12:57:16.591" level="INFO">Typing text 'EDITED Game' into text field 'xpath=//input[@name='name']'.</msg>
<status status="PASS" starttime="20250130 12:57:16.590" endtime="20250130 12:57:16.713"/>
</kw>
<kw name="Input Text" library="SeleniumLibrary">
<arg>xpath=//input[@name='console']</arg>
<arg>${EDIT_CONSOLE}</arg>
<doc>Types the given ``text`` into the text field identified by ``locator``.</doc>
<msg timestamp="20250130 12:57:16.714" level="INFO">Typing text 'PlayStation' into text field 'xpath=//input[@name='console']'.</msg>
<status status="PASS" starttime="20250130 12:57:16.713" endtime="20250130 12:57:16.812"/>
</kw>
<kw name="Input Text" library="SeleniumLibrary">
<arg>xpath=//input[@name='description']</arg>
<arg>${EDIT_DESCRIPTION}</arg>
<doc>Types the given ``text`` into the text field identified by ``locator``.</doc>
<msg timestamp="20250130 12:57:16.812" level="INFO">Typing text 'Edited game description' into text field 'xpath=//input[@name='description']'.</msg>
<status status="PASS" starttime="20250130 12:57:16.812" endtime="20250130 12:57:16.941"/>
</kw>
<kw name="Input Text" library="SeleniumLibrary">
<arg>xpath=//input[@name='ageLimit']</arg>
<arg>${EDIT_AGE_LIMIT}</arg>
<doc>Types the given ``text`` into the text field identified by ``locator``.</doc>
<msg timestamp="20250130 12:57:16.942" level="INFO">Typing text '14' into text field 'xpath=//input[@name='ageLimit']'.</msg>
<status status="PASS" starttime="20250130 12:57:16.941" endtime="20250130 12:57:17.014"/>
</kw>
<kw name="Input Text" library="SeleniumLibrary">
<arg>xpath=//input[@name='published']</arg>
<arg>${EDIT_PUBLISHED}</arg>
<doc>Types the given ``text`` into the text field identified by ``locator``.</doc>
<msg timestamp="20250130 12:57:17.014" level="INFO">Typing text '2025' into text field 'xpath=//input[@name='published']'.</msg>
<status status="PASS" starttime="20250130 12:57:17.014" endtime="20250130 12:57:17.098"/>
</kw>
<kw name="Input Text" library="SeleniumLibrary">
<arg>xpath=//input[@name='price']</arg>
<arg>${EDIT_PRICE}</arg>
<doc>Types the given ``text`` into the text field identified by ``locator``.</doc>
<msg timestamp="20250130 12:57:17.098" level="INFO">Typing text '39.99' into text field 'xpath=//input[@name='price']'.</msg>
<status status="PASS" starttime="20250130 12:57:17.098" endtime="20250130 12:57:17.181"/>
</kw>
<kw name="Select From List By Label" library="SeleniumLibrary">
<arg>id=category</arg>
<arg>${CATEGORY_EDIT_NAME}</arg>
<doc>Selects options from selection list ``locator`` by ``labels``.</doc>
<msg timestamp="20250130 12:57:17.181" level="INFO">Selecting options from selection list 'id=category' by label Fantasy.</msg>
<status status="PASS" starttime="20250130 12:57:17.181" endtime="20250130 12:57:17.221"/>
</kw>
<kw name="Click Button" library="SeleniumLibrary">
<arg>xpath=//input[@type='submit']</arg>
<doc>Clicks the button identified by ``locator``.</doc>
<msg timestamp="20250130 12:57:17.221" level="INFO">Clicking button 'xpath=//input[@type='submit']'.</msg>
<status status="PASS" starttime="20250130 12:57:17.221" endtime="20250130 12:57:17.318"/>
</kw>
<kw name="Wait Until Page Contains" library="SeleniumLibrary">
<arg>${EDIT_NAME}</arg>
<doc>Waits until ``text`` appears on the current page.</doc>
<status status="PASS" starttime="20250130 12:57:17.318" endtime="20250130 12:57:17.358"/>
</kw>
<doc>Etsii uusimman lisätyn pelin ja muokkaa sitä.</doc>
<status status="PASS" starttime="20250130 12:57:16.499" endtime="20250130 12:57:17.358"/>
</test>
<test id="s1-t3" name="Delete Game" line="86">
<kw name="Click Link" library="SeleniumLibrary">
<arg>xpath=(//a[contains(@href, '/deletegame')])[last()]</arg>
<doc>Clicks a link identified by ``locator``.</doc>
<msg timestamp="20250130 12:57:17.364" level="INFO">Clicking link 'xpath=(//a[contains(@href, '/deletegame')])[last()]'.</msg>
<status status="PASS" starttime="20250130 12:57:17.364" endtime="20250130 12:57:17.510"/>
</kw>
<kw name="Reload Page" library="SeleniumLibrary">
<doc>Simulates user reloading page.</doc>
<status status="PASS" starttime="20250130 12:57:17.510" endtime="20250130 12:57:17.575"/>
</kw>
<kw name="Wait Until Page Does Not Contain" library="SeleniumLibrary">
<arg>${EDIT_NAME}</arg>
<doc>Waits until ``text`` disappears from the current page.</doc>
<status status="PASS" starttime="20250130 12:57:17.576" endtime="20250130 12:57:17.587"/>
</kw>
<kw name="Wait Until Element Is Not Visible" library="SeleniumLibrary">
<arg>xpath=//td[text()='${DELETE_GAME_ID}']</arg>
<doc>Waits until the element ``locator`` is not visible.</doc>
<status status="PASS" starttime="20250130 12:57:17.588" endtime="20250130 12:57:17.603"/>
</kw>
<kw name="Close Browser" library="SeleniumLibrary">
<doc>Closes the current browser.</doc>
<status status="PASS" starttime="20250130 12:57:17.604" endtime="20250130 12:57:19.863"/>
</kw>
<status status="PASS" starttime="20250130 12:57:17.363" endtime="20250130 12:57:19.863"/>
</test>
<status status="PASS" starttime="20250130 12:57:11.828" endtime="20250130 12:57:19.863"/>
</suite>
<statistics>
<total>
<stat pass="3" fail="0" skip="0">All Tests</stat>
</total>
<tag>
</tag>
<suite>
<stat pass="3" fail="0" skip="0" id="s1" name="game CRUD tests">game CRUD tests</stat>
</suite>
</statistics>
<errors>
</errors>
</robot>
