<?xml version="1.0" encoding="UTF-8"?>
<robot generator="Robot 6.1.1 (Python 3.11.0 on win32)" generated="20241125 14:19:50.265" rpa="false" schemaversion="4">
<suite id="s1" name="game CRUD tests" source="C:\Users\attem\eclipse-workspace\Gamestore\robot_tests\game_CRUD_tests.robot">
<test id="s1-t1" name="Add New Game After Login" line="29">
<kw name="Open Browser" library="SeleniumLibrary">
<arg>${LOGIN_URL}</arg>
<arg>Chrome</arg>
<doc>Opens a new browser instance to the optional ``url``.</doc>
<msg timestamp="20241125 14:19:50.564" level="INFO">Opening browser 'Chrome' to base url 'http://localhost:8080/login'.</msg>
<status status="PASS" starttime="20241125 14:19:50.564" endtime="20241125 14:19:52.516"/>
</kw>
<kw name="Maximize Browser Window" library="SeleniumLibrary">
<doc>Maximizes current browser window.</doc>
<status status="PASS" starttime="20241125 14:19:52.517" endtime="20241125 14:19:52.571"/>
</kw>
<kw name="Input Text" library="SeleniumLibrary">
<arg>name=username</arg>
<arg>${USERNAME}</arg>
<doc>Types the given ``text`` into the text field identified by ``locator``.</doc>
<msg timestamp="20241125 14:19:52.573" level="INFO">Typing text 'testi' into text field 'name=username'.</msg>
<status status="PASS" starttime="20241125 14:19:52.572" endtime="20241125 14:19:52.769"/>
</kw>
<kw name="Input Text" library="SeleniumLibrary">
<arg>name=password</arg>
<arg>${PASSWORD}</arg>
<doc>Types the given ``text`` into the text field identified by ``locator``.</doc>
<msg timestamp="20241125 14:19:52.771" level="INFO">Typing text 'testi' into text field 'name=password'.</msg>
<status status="PASS" starttime="20241125 14:19:52.770" endtime="20241125 14:19:52.890"/>
</kw>
<kw name="Click Button" library="SeleniumLibrary">
<arg>xpath=//input[@type='submit']</arg>
<doc>Clicks the button identified by ``locator``.</doc>
<msg timestamp="20241125 14:19:52.891" level="INFO">Clicking button 'xpath=//input[@type='submit']'.</msg>
<status status="PASS" starttime="20241125 14:19:52.891" endtime="20241125 14:19:53.141"/>
</kw>
<kw name="Get Location" library="SeleniumLibrary">
<var>${current_url}</var>
<doc>Returns the current browser window URL.</doc>
<msg timestamp="20241125 14:19:53.155" level="INFO">${current_url} = http://localhost:8080/games</msg>
<status status="PASS" starttime="20241125 14:19:53.142" endtime="20241125 14:19:53.156"/>
</kw>
<kw name="Should Be Equal As Strings" library="BuiltIn">
<arg>${current_url}</arg>
<arg>http://localhost:8080/games</arg>
<doc>Fails if objects are unequal after converting them to strings.</doc>
<status status="PASS" starttime="20241125 14:19:53.156" endtime="20241125 14:19:53.156"/>
</kw>
<kw name="Click Link" library="SeleniumLibrary">
<arg>xpath=//a[contains(@href, '/newgame')]</arg>
<doc>Clicks a link identified by ``locator``.</doc>
<msg timestamp="20241125 14:19:53.157" level="INFO">Clicking link 'xpath=//a[contains(@href, '/newgame')]'.</msg>
<status status="PASS" starttime="20241125 14:19:53.157" endtime="20241125 14:19:53.300"/>
</kw>
<kw name="Input Text" library="SeleniumLibrary">
<arg>xpath=//input[@name='name']</arg>
<arg>${GAME_NAME}</arg>
<doc>Types the given ``text`` into the text field identified by ``locator``.</doc>
<msg timestamp="20241125 14:19:53.301" level="INFO">Typing text 'Test Game' into text field 'xpath=//input[@name='name']'.</msg>
<status status="PASS" starttime="20241125 14:19:53.300" endtime="20241125 14:19:53.436"/>
</kw>
<kw name="Input Text" library="SeleniumLibrary">
<arg>xpath=//input[@name='console']</arg>
<arg>${GAME_CONSOLE}</arg>
<doc>Types the given ``text`` into the text field identified by ``locator``.</doc>
<msg timestamp="20241125 14:19:53.437" level="INFO">Typing text 'PlayStation' into text field 'xpath=//input[@name='console']'.</msg>
<status status="PASS" starttime="20241125 14:19:53.436" endtime="20241125 14:19:53.544"/>
</kw>
<kw name="Input Text" library="SeleniumLibrary">
<arg>xpath=//input[@name='description']</arg>
<arg>${GAME_DESCRIPTION}</arg>
<doc>Types the given ``text`` into the text field identified by ``locator``.</doc>
<msg timestamp="20241125 14:19:53.545" level="INFO">Typing text 'A test game description' into text field 'xpath=//input[@name='description']'.</msg>
<status status="PASS" starttime="20241125 14:19:53.544" endtime="20241125 14:19:53.654"/>
</kw>
<kw name="Input Text" library="SeleniumLibrary">
<arg>xpath=//input[@name='ageLimit']</arg>
<arg>${GAME_AGE_LIMIT}</arg>
<doc>Types the given ``text`` into the text field identified by ``locator``.</doc>
<msg timestamp="20241125 14:19:53.654" level="INFO">Typing text '12' into text field 'xpath=//input[@name='ageLimit']'.</msg>
<status status="PASS" starttime="20241125 14:19:53.654" endtime="20241125 14:19:53.722"/>
</kw>
<kw name="Input Text" library="SeleniumLibrary">
<arg>xpath=//input[@name='published']</arg>
<arg>${GAME_PUBLISHED}</arg>
<doc>Types the given ``text`` into the text field identified by ``locator``.</doc>
<msg timestamp="20241125 14:19:53.723" level="INFO">Typing text '2023' into text field 'xpath=//input[@name='published']'.</msg>
<status status="PASS" starttime="20241125 14:19:53.722" endtime="20241125 14:19:53.802"/>
</kw>
<kw name="Input Text" library="SeleniumLibrary">
<arg>xpath=//input[@name='price']</arg>
<arg>${GAME_PRICE}</arg>
<doc>Types the given ``text`` into the text field identified by ``locator``.</doc>
<msg timestamp="20241125 14:19:53.802" level="INFO">Typing text '49.99' into text field 'xpath=//input[@name='price']'.</msg>
<status status="PASS" starttime="20241125 14:19:53.802" endtime="20241125 14:19:53.880"/>
</kw>
<kw name="Select From List By Label" library="SeleniumLibrary">
<arg>id=category</arg>
<arg>${CATEGORY_NAME}</arg>
<doc>Selects options from selection list ``locator`` by ``labels``.</doc>
<msg timestamp="20241125 14:19:53.881" level="INFO">Selecting options from selection list 'id=category' by label Fantasy.</msg>
<status status="PASS" starttime="20241125 14:19:53.881" endtime="20241125 14:19:53.917"/>
</kw>
<kw name="Click Button" library="SeleniumLibrary">
<arg>xpath=//input[@type='submit']</arg>
<doc>Clicks the button identified by ``locator``.</doc>
<msg timestamp="20241125 14:19:53.918" level="INFO">Clicking button 'xpath=//input[@type='submit']'.</msg>
<status status="PASS" starttime="20241125 14:19:53.917" endtime="20241125 14:19:54.010"/>
</kw>
<kw name="Wait Until Page Contains" library="SeleniumLibrary">
<arg>${GAME_NAME}</arg>
<doc>Waits until ``text`` appears on the current page.</doc>
<status status="PASS" starttime="20241125 14:19:54.010" endtime="20241125 14:19:54.049"/>
</kw>
<doc>Testaa uuden pelin lisääminen kirjautumisen jälkeen ja varmistaa, että peli ilmestyy pelilistalle.</doc>
<status status="PASS" starttime="20241125 14:19:50.563" endtime="20241125 14:19:54.050"/>
</test>
<test id="s1-t2" name="Edit Game After Login" line="59">
<kw name="Click Link" library="SeleniumLibrary">
<arg>xpath=//a[contains(@href, '/edit/1')]</arg>
<doc>Clicks a link identified by ``locator``.</doc>
<msg timestamp="20241125 14:19:54.053" level="INFO">Clicking link 'xpath=//a[contains(@href, '/edit/1')]'.</msg>
<status status="PASS" starttime="20241125 14:19:54.052" endtime="20241125 14:19:54.245"/>
</kw>
<kw name="Input Text" library="SeleniumLibrary">
<arg>xpath=//input[@name='name']</arg>
<arg>${GAME_NAME}</arg>
<doc>Types the given ``text`` into the text field identified by ``locator``.</doc>
<msg timestamp="20241125 14:19:54.246" level="INFO">Typing text 'Test Game' into text field 'xpath=//input[@name='name']'.</msg>
<status status="PASS" starttime="20241125 14:19:54.245" endtime="20241125 14:19:54.368"/>
</kw>
<kw name="Input Text" library="SeleniumLibrary">
<arg>xpath=//input[@name='console']</arg>
<arg>${GAME_CONSOLE}</arg>
<doc>Types the given ``text`` into the text field identified by ``locator``.</doc>
<msg timestamp="20241125 14:19:54.369" level="INFO">Typing text 'PlayStation' into text field 'xpath=//input[@name='console']'.</msg>
<status status="PASS" starttime="20241125 14:19:54.368" endtime="20241125 14:19:54.459"/>
</kw>
<kw name="Input Text" library="SeleniumLibrary">
<arg>xpath=//input[@name='description']</arg>
<arg>${GAME_DESCRIPTION}</arg>
<doc>Types the given ``text`` into the text field identified by ``locator``.</doc>
<msg timestamp="20241125 14:19:54.460" level="INFO">Typing text 'A test game description' into text field 'xpath=//input[@name='description']'.</msg>
<status status="PASS" starttime="20241125 14:19:54.459" endtime="20241125 14:19:54.565"/>
</kw>
<kw name="Input Text" library="SeleniumLibrary">
<arg>xpath=//input[@name='ageLimit']</arg>
<arg>${GAME_AGE_LIMIT}</arg>
<doc>Types the given ``text`` into the text field identified by ``locator``.</doc>
<msg timestamp="20241125 14:19:54.566" level="INFO">Typing text '12' into text field 'xpath=//input[@name='ageLimit']'.</msg>
<status status="PASS" starttime="20241125 14:19:54.566" endtime="20241125 14:19:54.635"/>
</kw>
<kw name="Input Text" library="SeleniumLibrary">
<arg>xpath=//input[@name='published']</arg>
<arg>${GAME_PUBLISHED}</arg>
<doc>Types the given ``text`` into the text field identified by ``locator``.</doc>
<msg timestamp="20241125 14:19:54.636" level="INFO">Typing text '2023' into text field 'xpath=//input[@name='published']'.</msg>
<status status="PASS" starttime="20241125 14:19:54.635" endtime="20241125 14:19:54.708"/>
</kw>
<kw name="Input Text" library="SeleniumLibrary">
<arg>xpath=//input[@name='price']</arg>
<arg>${GAME_PRICE}</arg>
<doc>Types the given ``text`` into the text field identified by ``locator``.</doc>
<msg timestamp="20241125 14:19:54.709" level="INFO">Typing text '49.99' into text field 'xpath=//input[@name='price']'.</msg>
<status status="PASS" starttime="20241125 14:19:54.708" endtime="20241125 14:19:54.780"/>
</kw>
<kw name="Select From List By Label" library="SeleniumLibrary">
<arg>id=category</arg>
<arg>${CATEGORY_NAME}</arg>
<doc>Selects options from selection list ``locator`` by ``labels``.</doc>
<msg timestamp="20241125 14:19:54.781" level="INFO">Selecting options from selection list 'id=category' by label Fantasy.</msg>
<status status="PASS" starttime="20241125 14:19:54.781" endtime="20241125 14:19:54.808"/>
</kw>
<kw name="Click Button" library="SeleniumLibrary">
<arg>xpath=//input[@type='submit']</arg>
<doc>Clicks the button identified by ``locator``.</doc>
<msg timestamp="20241125 14:19:54.809" level="INFO">Clicking button 'xpath=//input[@type='submit']'.</msg>
<status status="PASS" starttime="20241125 14:19:54.809" endtime="20241125 14:19:54.893"/>
</kw>
<kw name="Wait Until Page Contains" library="SeleniumLibrary">
<arg>${GAME_NAME}</arg>
<doc>Waits until ``text`` appears on the current page.</doc>
<status status="PASS" starttime="20241125 14:19:54.894" endtime="20241125 14:19:54.924"/>
</kw>
<status status="PASS" starttime="20241125 14:19:54.052" endtime="20241125 14:19:54.924"/>
</test>
<test id="s1-t3" name="Delete Game" line="75">
<kw name="Click Link" library="SeleniumLibrary">
<arg>xpath=//a[contains(@href, '/deletegame/${DELETE_GAME_ID}')]</arg>
<doc>Clicks a link identified by ``locator``.</doc>
<msg timestamp="20241125 14:19:54.928" level="INFO">Clicking link 'xpath=//a[contains(@href, '/deletegame/26')]'.</msg>
<status status="PASS" starttime="20241125 14:19:54.927" endtime="20241125 14:19:55.087"/>
</kw>
<kw name="Reload Page" library="SeleniumLibrary">
<doc>Simulates user reloading page.</doc>
<status status="PASS" starttime="20241125 14:19:55.088" endtime="20241125 14:19:55.141"/>
</kw>
<kw name="Sleep" library="BuiltIn">
<arg>2s</arg>
<doc>Pauses the test executed for the given time.</doc>
<msg timestamp="20241125 14:19:57.141" level="INFO">Slept 2 seconds</msg>
<status status="PASS" starttime="20241125 14:19:55.141" endtime="20241125 14:19:57.141"/>
</kw>
<kw name="Wait Until Page Does Not Contain" library="SeleniumLibrary">
<arg>${DELETE_GAME_ID}</arg>
<doc>Waits until ``text`` disappears from the current page.</doc>
<status status="PASS" starttime="20241125 14:19:57.142" endtime="20241125 14:19:57.155"/>
</kw>
<kw name="Wait Until Element Is Not Visible" library="SeleniumLibrary">
<arg>xpath=//td[text()='${DELETE_GAME_ID}']</arg>
<doc>Waits until the element ``locator`` is not visible.</doc>
<status status="PASS" starttime="20241125 14:19:57.156" endtime="20241125 14:19:57.166"/>
</kw>
<kw name="Close Browser" library="SeleniumLibrary">
<doc>Closes the current browser.</doc>
<status status="PASS" starttime="20241125 14:19:57.166" endtime="20241125 14:19:59.353"/>
</kw>
<status status="PASS" starttime="20241125 14:19:54.926" endtime="20241125 14:19:59.354"/>
</test>
<status status="PASS" starttime="20241125 14:19:50.267" endtime="20241125 14:19:59.356"/>
</suite>
<statistics>
<total>
<stat pass="3" fail="0" skip="0">All Tests</stat>
</total>
<tag>
</tag>
<suite>
<stat pass="3" fail="0" skip="0" id="s1" name="game CRUD tests">game CRUD tests</stat>
</suite>
</statistics>
<errors>
</errors>
</robot>
